2023-05-02 01:05:02,202 WARN HikariPool-1 - Thread starvation or clock leap detected (housekeeper delta=1h14m22s520ms289µs500ns).

2023-05-02 01:05:06,739 WARN clearConfigHistory start

2023-05-02 01:05:06,740 WARN clearConfigHistory, getBeforeStamp:2023-04-02 01:05:06.0, totalCount:27, pageSize:1000, removeTime:1

2023-05-02 01:08:32,726 INFO [capacityManagement] start correct usage

2023-05-02 01:08:32,726 INFO [capacityManagement] end correct usage, cost: 0s

2023-05-02 01:11:02,126 INFO Starting Nacos v1.4.1 on admin1 with PID 4064 (D:\tools\nacos\nacos-server-1.4.1\target\nacos-server.jar started by huang in D:\tools\nacos\nacos-server-1.4.1\bin)

2023-05-02 01:11:02,126 INFO The following profiles are active: standalone

2023-05-02 01:11:05,160 INFO Bean 'org.springframework.security.access.expression.method.DefaultMethodSecurityExpressionHandler@6676f6a0' of type [org.springframework.security.access.expression.method.DefaultMethodSecurityExpressionHandler] is not eligible for getting processed by all BeanPostProcessors (for example: not eligible for auto-proxying)

2023-05-02 01:11:05,164 INFO Bean 'methodSecurityMetadataSource' of type [org.springframework.security.access.method.DelegatingMethodSecurityMetadataSource] is not eligible for getting processed by all BeanPostProcessors (for example: not eligible for auto-proxying)

2023-05-02 01:11:05,657 INFO Tomcat initialized with port(s): 8848 (http)

2023-05-02 01:11:05,689 INFO Starting service [Tomcat]

2023-05-02 01:11:05,689 INFO Starting Servlet engine: [Apache Tomcat/9.0.38]

2023-05-02 01:11:05,962 INFO At least one JAR was scanned for TLDs yet contained no TLDs. Enable debug logging for this logger for a complete list of JARs that were scanned but no TLDs were found in them. Skipping unneeded JARs during scanning can improve startup time and JSP compilation time.

2023-05-02 01:11:05,998 INFO Initializing Spring embedded WebApplicationContext

2023-05-02 01:11:05,998 INFO Root WebApplicationContext: initialization completed in 3815 ms

2023-05-02 01:11:06,546 INFO HikariPool-1 - Starting...

2023-05-02 01:11:06,548 WARN Registered driver with driverClassName=org.apache.derby.jdbc.EmbeddedDriver was not found, trying direct instantiation.

2023-05-02 01:11:06,925 INFO HikariPool-1 - Driver does not support get/set network timeout for connections. (Feature not implemented: No details.)

2023-05-02 01:11:06,931 INFO HikariPool-1 - Start completed.

2023-05-02 01:11:08,042 INFO Nacos-related cluster resource initialization

2023-05-02 01:11:08,053 INFO The cluster resource is initialized

2023-05-02 01:11:08,444 INFO Reflections took 34 ms to scan 1 urls, producing 4 keys and 6 values 

2023-05-02 01:11:08,469 INFO Reflections took 5 ms to scan 1 urls, producing 6 keys and 26 values 

2023-05-02 01:11:08,482 INFO Reflections took 3 ms to scan 1 urls, producing 3 keys and 15 values 

2023-05-02 01:11:08,490 INFO Reflections took 1 ms to scan 1 urls, producing 2 keys and 12 values 

2023-05-02 01:11:09,437 INFO Initializing ExecutorService 'applicationTaskExecutor'

2023-05-02 01:11:09,564 INFO Adding welcome page: class path resource [static/index.html]

2023-05-02 01:11:10,045 INFO Creating filter chain: Ant [pattern='/**'], []

2023-05-02 01:11:10,085 INFO Creating filter chain: any request, [org.springframework.security.web.context.request.async.WebAsyncManagerIntegrationFilter@56b78e55, org.springframework.security.web.context.SecurityContextPersistenceFilter@52350abb, org.springframework.security.web.header.HeaderWriterFilter@226f885f, org.springframework.security.web.csrf.CsrfFilter@4628b1d3, org.springframework.security.web.authentication.logout.LogoutFilter@1b58ff9e, org.springframework.security.web.savedrequest.RequestCacheAwareFilter@1a6f2363, org.springframework.security.web.servletapi.SecurityContextHolderAwareRequestFilter@63f34b70, org.springframework.security.web.authentication.AnonymousAuthenticationFilter@76318a7d, org.springframework.security.web.session.SessionManagementFilter@7d61eccf, org.springframework.security.web.access.ExceptionTranslationFilter@1df98368]

2023-05-02 01:11:10,215 INFO Initializing ExecutorService 'taskScheduler'

2023-05-02 01:11:10,239 INFO Exposing 2 endpoint(s) beneath base path '/actuator'

2023-05-02 01:11:10,373 INFO Tomcat started on port(s): 8848 (http) with context path '/nacos'

2023-05-02 01:11:10,377 INFO Started Nacos in 9.583 seconds (JVM running for 10.281)

2023-05-02 01:11:10,377 INFO Nacos started successfully in stand alone mode. use embedded storage

2023-05-02 01:11:10,652 INFO Initializing Spring DispatcherServlet 'dispatcherServlet'

2023-05-02 01:11:10,653 INFO Initializing Servlet 'dispatcherServlet'

2023-05-02 01:11:10,669 INFO Completed initialization in 16 ms

2023-05-02 01:21:08,664 INFO [capacityManagement] start correct usage

2023-05-02 01:21:08,728 INFO [capacityManagement] end correct usage, cost: 0s

2023-05-02 01:21:09,085 WARN clearConfigHistory start

2023-05-02 01:21:09,110 WARN clearConfigHistory, getBeforeStamp:2023-04-02 01:21:09.0, totalCount:27, pageSize:1000, removeTime:1

2023-05-02 07:05:15,013 WARN HikariPool-1 - Thread starvation or clock leap detected (housekeeper delta=5h42m37s775ms711µs300ns).

2023-05-02 07:05:17,000 WARN clearConfigHistory start

2023-05-02 07:05:17,003 WARN clearConfigHistory, getBeforeStamp:2023-04-02 07:05:17.0, totalCount:27, pageSize:1000, removeTime:1

2023-05-02 11:41:36,744 INFO Starting Nacos v1.4.1 on admin1 with PID 12580 (D:\tools\nacos\nacos-server-1.4.1\target\nacos-server.jar started by huang in D:\tools\nacos\nacos-server-1.4.1\bin)

2023-05-02 11:41:36,745 INFO The following profiles are active: standalone

2023-05-02 11:41:40,089 INFO Bean 'org.springframework.security.access.expression.method.DefaultMethodSecurityExpressionHandler@50dfbc58' of type [org.springframework.security.access.expression.method.DefaultMethodSecurityExpressionHandler] is not eligible for getting processed by all BeanPostProcessors (for example: not eligible for auto-proxying)

2023-05-02 11:41:40,089 INFO Bean 'methodSecurityMetadataSource' of type [org.springframework.security.access.method.DelegatingMethodSecurityMetadataSource] is not eligible for getting processed by all BeanPostProcessors (for example: not eligible for auto-proxying)

2023-05-02 11:41:40,674 INFO Tomcat initialized with port(s): 8848 (http)

2023-05-02 11:41:40,715 INFO Starting service [Tomcat]

2023-05-02 11:41:40,716 INFO Starting Servlet engine: [Apache Tomcat/9.0.38]

2023-05-02 11:41:41,043 INFO At least one JAR was scanned for TLDs yet contained no TLDs. Enable debug logging for this logger for a complete list of JARs that were scanned but no TLDs were found in them. Skipping unneeded JARs during scanning can improve startup time and JSP compilation time.

2023-05-02 11:41:41,087 INFO Initializing Spring embedded WebApplicationContext

2023-05-02 11:41:41,088 INFO Root WebApplicationContext: initialization completed in 4289 ms

2023-05-02 11:41:41,732 INFO HikariPool-1 - Starting...

2023-05-02 11:41:41,736 WARN Registered driver with driverClassName=org.apache.derby.jdbc.EmbeddedDriver was not found, trying direct instantiation.

2023-05-02 11:41:42,191 INFO HikariPool-1 - Driver does not support get/set network timeout for connections. (Feature not implemented: No details.)

2023-05-02 11:41:42,197 INFO HikariPool-1 - Start completed.

2023-05-02 11:41:43,429 INFO Nacos-related cluster resource initialization

2023-05-02 11:41:43,439 INFO The cluster resource is initialized

2023-05-02 11:41:43,842 INFO Reflections took 43 ms to scan 1 urls, producing 4 keys and 6 values 

2023-05-02 11:41:43,871 INFO Reflections took 4 ms to scan 1 urls, producing 6 keys and 26 values 

2023-05-02 11:41:43,886 INFO Reflections took 5 ms to scan 1 urls, producing 3 keys and 15 values 

2023-05-02 11:41:43,895 INFO Reflections took 1 ms to scan 1 urls, producing 2 keys and 12 values 

2023-05-02 11:41:44,870 INFO Initializing ExecutorService 'applicationTaskExecutor'

2023-05-02 11:41:45,019 INFO Adding welcome page: class path resource [static/index.html]

2023-05-02 11:41:45,593 INFO Creating filter chain: Ant [pattern='/**'], []

2023-05-02 11:41:45,634 INFO Creating filter chain: any request, [org.springframework.security.web.context.request.async.WebAsyncManagerIntegrationFilter@641856, org.springframework.security.web.context.SecurityContextPersistenceFilter@2cd2c8fe, org.springframework.security.web.header.HeaderWriterFilter@77cf3f8b, org.springframework.security.web.csrf.CsrfFilter@1494b84d, org.springframework.security.web.authentication.logout.LogoutFilter@5ebd56e9, org.springframework.security.web.savedrequest.RequestCacheAwareFilter@cc6460c, org.springframework.security.web.servletapi.SecurityContextHolderAwareRequestFilter@1a6f2363, org.springframework.security.web.authentication.AnonymousAuthenticationFilter@1b58ff9e, org.springframework.security.web.session.SessionManagementFilter@21ca139c, org.springframework.security.web.access.ExceptionTranslationFilter@71a9b4c7]

2023-05-02 11:41:45,746 INFO Initializing ExecutorService 'taskScheduler'

2023-05-02 11:41:45,771 INFO Exposing 2 endpoint(s) beneath base path '/actuator'

2023-05-02 11:41:45,895 INFO Tomcat started on port(s): 8848 (http) with context path '/nacos'

2023-05-02 11:41:45,898 INFO Started Nacos in 10.544 seconds (JVM running for 11.258)

2023-05-02 11:41:45,899 INFO Nacos started successfully in stand alone mode. use embedded storage

2023-05-02 11:51:44,045 INFO [capacityManagement] start correct usage

2023-05-02 11:51:44,097 INFO [capacityManagement] end correct usage, cost: 0s

2023-05-02 11:51:44,465 WARN clearConfigHistory start

2023-05-02 11:51:44,493 WARN clearConfigHistory, getBeforeStamp:2023-04-02 11:51:44.0, totalCount:27, pageSize:1000, removeTime:1

2023-05-02 11:55:09,361 INFO Initializing Spring DispatcherServlet 'dispatcherServlet'

2023-05-02 11:55:09,361 INFO Initializing Servlet 'dispatcherServlet'

2023-05-02 11:55:09,373 INFO Completed initialization in 12 ms

2023-05-02 12:01:44,107 INFO [capacityManagement] start correct usage

2023-05-02 12:01:44,107 INFO [capacityManagement] end correct usage, cost: 0s

2023-05-02 12:01:44,590 WARN clearConfigHistory start

2023-05-02 12:01:44,591 WARN clearConfigHistory, getBeforeStamp:2023-04-02 12:01:44.0, totalCount:27, pageSize:1000, removeTime:1

2023-05-02 12:34:18,064 WARN clearConfigHistory start

2023-05-02 12:34:18,067 WARN clearConfigHistory, getBeforeStamp:2023-04-02 12:34:18.0, totalCount:27, pageSize:1000, removeTime:1

2023-05-02 12:34:35,282 WARN HikariPool-1 - Thread starvation or clock leap detected (housekeeper delta=23m52s544ms992µs600ns).

2023-05-02 12:35:06,646 INFO [capacityManagement] start correct usage

2023-05-02 12:35:06,647 INFO [capacityManagement] end correct usage, cost: 0s

2023-05-02 12:44:18,072 WARN clearConfigHistory start

2023-05-02 12:44:18,073 WARN clearConfigHistory, getBeforeStamp:2023-04-02 12:44:18.0, totalCount:27, pageSize:1000, removeTime:1

2023-05-02 12:45:06,653 INFO [capacityManagement] start correct usage

2023-05-02 12:45:06,653 INFO [capacityManagement] end correct usage, cost: 0s

2023-05-02 12:54:18,081 WARN clearConfigHistory start

2023-05-02 12:54:18,082 WARN clearConfigHistory, getBeforeStamp:2023-04-02 12:54:18.0, totalCount:27, pageSize:1000, removeTime:1

2023-05-02 12:55:06,665 INFO [capacityManagement] start correct usage

2023-05-02 12:55:06,666 INFO [capacityManagement] end correct usage, cost: 0s

2023-05-02 13:04:18,087 WARN clearConfigHistory start

2023-05-02 13:04:18,088 WARN clearConfigHistory, getBeforeStamp:2023-04-02 13:04:18.0, totalCount:27, pageSize:1000, removeTime:1

2023-05-02 13:05:06,671 INFO [capacityManagement] start correct usage

2023-05-02 13:05:06,672 INFO [capacityManagement] end correct usage, cost: 0s

2023-05-02 13:14:18,094 WARN clearConfigHistory start

2023-05-02 13:14:18,094 WARN clearConfigHistory, getBeforeStamp:2023-04-02 13:14:18.0, totalCount:27, pageSize:1000, removeTime:1

2023-05-02 13:15:06,681 INFO [capacityManagement] start correct usage

2023-05-02 13:15:06,681 INFO [capacityManagement] end correct usage, cost: 0s

2023-05-02 13:24:18,109 WARN clearConfigHistory start

2023-05-02 13:24:18,109 WARN clearConfigHistory, getBeforeStamp:2023-04-02 13:24:18.0, totalCount:27, pageSize:1000, removeTime:1

2023-05-02 13:25:06,685 INFO [capacityManagement] start correct usage

2023-05-02 13:25:06,685 INFO [capacityManagement] end correct usage, cost: 0s

2023-05-02 13:34:18,115 WARN clearConfigHistory start

2023-05-02 13:34:18,115 WARN clearConfigHistory, getBeforeStamp:2023-04-02 13:34:18.0, totalCount:27, pageSize:1000, removeTime:1

2023-05-02 13:35:06,687 INFO [capacityManagement] start correct usage

2023-05-02 13:35:06,687 INFO [capacityManagement] end correct usage, cost: 0s

2023-05-02 13:44:18,119 WARN clearConfigHistory start

2023-05-02 13:44:18,122 WARN clearConfigHistory, getBeforeStamp:2023-04-02 13:44:18.0, totalCount:27, pageSize:1000, removeTime:1

2023-05-02 13:45:06,696 INFO [capacityManagement] start correct usage

2023-05-02 13:45:06,697 INFO [capacityManagement] end correct usage, cost: 0s

2023-05-02 13:58:26,777 INFO Starting Nacos v1.4.1 on admin1 with PID 7576 (D:\tools\nacos\nacos-server-1.4.1\target\nacos-server.jar started by huang in D:\tools\nacos\nacos-server-1.4.1\bin)

2023-05-02 13:58:26,777 INFO The following profiles are active: standalone

2023-05-02 13:58:30,211 INFO Bean 'org.springframework.security.access.expression.method.DefaultMethodSecurityExpressionHandler@7cbd9d24' of type [org.springframework.security.access.expression.method.DefaultMethodSecurityExpressionHandler] is not eligible for getting processed by all BeanPostProcessors (for example: not eligible for auto-proxying)

2023-05-02 13:58:30,216 INFO Bean 'methodSecurityMetadataSource' of type [org.springframework.security.access.method.DelegatingMethodSecurityMetadataSource] is not eligible for getting processed by all BeanPostProcessors (for example: not eligible for auto-proxying)

2023-05-02 13:58:30,844 INFO Tomcat initialized with port(s): 8848 (http)

2023-05-02 13:58:30,883 INFO Starting service [Tomcat]

2023-05-02 13:58:30,883 INFO Starting Servlet engine: [Apache Tomcat/9.0.38]

2023-05-02 13:58:31,256 INFO At least one JAR was scanned for TLDs yet contained no TLDs. Enable debug logging for this logger for a complete list of JARs that were scanned but no TLDs were found in them. Skipping unneeded JARs during scanning can improve startup time and JSP compilation time.

2023-05-02 13:58:31,301 INFO Initializing Spring embedded WebApplicationContext

2023-05-02 13:58:31,301 INFO Root WebApplicationContext: initialization completed in 4468 ms

2023-05-02 13:58:31,975 INFO HikariPool-1 - Starting...

2023-05-02 13:58:31,978 WARN Registered driver with driverClassName=org.apache.derby.jdbc.EmbeddedDriver was not found, trying direct instantiation.

2023-05-02 13:58:32,405 INFO HikariPool-1 - Driver does not support get/set network timeout for connections. (Feature not implemented: No details.)

2023-05-02 13:58:32,430 INFO HikariPool-1 - Start completed.

2023-05-02 13:58:33,730 INFO Nacos-related cluster resource initialization

2023-05-02 13:58:33,742 INFO The cluster resource is initialized

2023-05-02 13:58:34,168 INFO Reflections took 44 ms to scan 1 urls, producing 4 keys and 6 values 

2023-05-02 13:58:34,197 INFO Reflections took 3 ms to scan 1 urls, producing 6 keys and 26 values 

2023-05-02 13:58:34,212 INFO Reflections took 4 ms to scan 1 urls, producing 3 keys and 15 values 

2023-05-02 13:58:34,221 INFO Reflections took 1 ms to scan 1 urls, producing 2 keys and 12 values 

2023-05-02 13:58:35,203 INFO Initializing ExecutorService 'applicationTaskExecutor'

2023-05-02 13:58:35,366 INFO Adding welcome page: class path resource [static/index.html]

2023-05-02 13:58:36,122 INFO Creating filter chain: Ant [pattern='/**'], []

2023-05-02 13:58:36,173 INFO Creating filter chain: any request, [org.springframework.security.web.context.request.async.WebAsyncManagerIntegrationFilter@5ebd56e9, org.springframework.security.web.context.SecurityContextPersistenceFilter@21ca139c, org.springframework.security.web.header.HeaderWriterFilter@71a9b4c7, org.springframework.security.web.csrf.CsrfFilter@1b5bc39d, org.springframework.security.web.authentication.logout.LogoutFilter@1a6f2363, org.springframework.security.web.savedrequest.RequestCacheAwareFilter@2cd2c8fe, org.springframework.security.web.servletapi.SecurityContextHolderAwareRequestFilter@52350abb, org.springframework.security.web.authentication.AnonymousAuthenticationFilter@63f34b70, org.springframework.security.web.session.SessionManagementFilter@77cf3f8b, org.springframework.security.web.access.ExceptionTranslationFilter@1494b84d]

2023-05-02 13:58:36,335 INFO Initializing ExecutorService 'taskScheduler'

2023-05-02 13:58:36,367 INFO Exposing 2 endpoint(s) beneath base path '/actuator'

2023-05-02 13:58:36,530 INFO Tomcat started on port(s): 8848 (http) with context path '/nacos'

2023-05-02 13:58:36,535 INFO Started Nacos in 11.199 seconds (JVM running for 11.895)

2023-05-02 13:58:36,536 INFO Nacos started successfully in stand alone mode. use embedded storage

2023-05-02 13:59:39,305 INFO Initializing Spring DispatcherServlet 'dispatcherServlet'

2023-05-02 13:59:39,305 INFO Initializing Servlet 'dispatcherServlet'

2023-05-02 13:59:39,329 INFO Completed initialization in 24 ms

2023-05-02 14:08:34,425 INFO [capacityManagement] start correct usage

2023-05-02 14:08:34,481 INFO [capacityManagement] end correct usage, cost: 0s

2023-05-02 14:08:34,877 WARN clearConfigHistory start

2023-05-02 14:08:34,899 WARN clearConfigHistory, getBeforeStamp:2023-04-02 14:08:34.0, totalCount:27, pageSize:1000, removeTime:1

2023-05-02 14:18:34,492 INFO [capacityManagement] start correct usage

2023-05-02 14:18:34,493 INFO [capacityManagement] end correct usage, cost: 0s

2023-05-02 14:18:34,995 WARN clearConfigHistory start

2023-05-02 14:18:34,997 WARN clearConfigHistory, getBeforeStamp:2023-04-02 14:18:34.0, totalCount:27, pageSize:1000, removeTime:1

2023-05-02 15:00:54,540 WARN clearConfigHistory start

2023-05-02 15:00:54,542 WARN clearConfigHistory, getBeforeStamp:2023-04-02 15:00:54.0, totalCount:27, pageSize:1000, removeTime:1

2023-05-02 15:01:11,708 WARN HikariPool-1 - Thread starvation or clock leap detected (housekeeper delta=37m38s809ms228µs100ns).

