2023-05-02 01:09:03,175 INFO PERFORMANCE:|3|3|-1|-1

2023-05-02 01:11:39,086 INFO PERFORMANCE:|1|1|-1|-1

2023-05-02 01:16:39,101 INFO PERFORMANCE:|2|2|-1|-1

2023-05-02 01:21:39,115 INFO PERFORMANCE:|2|2|-1|-1

2023-05-02 11:42:14,475 INFO PERFORMANCE:|0|0|-1|-1

2023-05-02 11:47:14,491 INFO PERFORMANCE:|0|0|-1|-1

2023-05-02 11:52:14,534 INFO PERFORMANCE:|0|0|-1|-1

2023-05-02 11:57:14,548 INFO PERFORMANCE:|3|3|-1|-1

2023-05-02 12:02:14,562 INFO PERFORMANCE:|3|3|-1|-1

2023-05-02 12:07:14,569 INFO PERFORMANCE:|3|3|-1|-1

2023-05-02 12:35:37,118 INFO PERFORMANCE:|3|2|-1|-1

2023-05-02 12:40:37,121 INFO PERFORMANCE:|3|3|-1|-1

2023-05-02 12:45:37,136 INFO PERFORMANCE:|3|2|-1|-1

2023-05-02 12:50:37,146 INFO PERFORMANCE:|3|3|-1|-1

2023-05-02 12:55:37,158 INFO PERFORMANCE:|3|2|3|3

2023-05-02 13:00:37,159 INFO PERFORMANCE:|3|3|-1|-1

2023-05-02 13:05:37,173 INFO PERFORMANCE:|3|3|-1|-1

2023-05-02 13:10:37,175 INFO PERFORMANCE:|3|3|-1|-1

2023-05-02 13:15:37,181 INFO PERFORMANCE:|3|2|-1|-1

2023-05-02 13:20:37,188 INFO PERFORMANCE:|3|3|-1|-1

2023-05-02 13:25:37,197 INFO PERFORMANCE:|3|3|-1|-1

2023-05-02 13:30:37,212 INFO PERFORMANCE:|3|3|-1|-1

2023-05-02 13:35:37,220 INFO PERFORMANCE:|3|3|-1|-1

2023-05-02 13:40:37,230 INFO PERFORMANCE:|3|3|-1|-1

2023-05-02 13:45:37,240 INFO PERFORMANCE:|3|3|-1|-1

2023-05-02 13:50:37,252 INFO PERFORMANCE:|3|3|-1|-1

2023-05-02 13:59:04,882 INFO PERFORMANCE:|0|0|-1|-1

2023-05-02 14:04:04,883 INFO PERFORMANCE:|3|3|3|2

2023-05-02 14:09:04,896 INFO PERFORMANCE:|3|3|-1|-1

2023-05-02 14:14:04,904 INFO PERFORMANCE:|3|3|-1|-1

2023-05-02 14:19:04,905 INFO PERFORMANCE:|3|3|-1|-1

2023-05-02 15:01:13,716 INFO PERFORMANCE:|3|1|3|2

